<?xml version="1.0" encoding="UTF-8"?>
<testsuite name="User Service Redis Test..." tests="6" skipped="0" failures="0" errors="0" timestamp="2025-10-05T08:45:39.466Z" hostname="mac20230912" time="2.263">
  <properties/>
  <testcase name="Test addUser stores user and caches it" classname="com.example.demo.service.UserServiceTest" time="0.675"/>
  <testcase name="Test getAllUsers returns immutable map" classname="com.example.demo.service.UserServiceTest" time="0.006"/>
  <testcase name="Test updateUser updates cache" classname="com.example.demo.service.UserServiceTest" time="0.006"/>
  <testcase name="Test fetching from cache got the same user having same value." classname="com.example.demo.service.UserServiceTest" time="0.539"/>
  <testcase name="Test measuring the first normal fetch user from database and second fetch user from cache." classname="com.example.demo.service.UserServiceTest" time="0.517"/>
  <testcase name="Test removeUser evicts cache" classname="com.example.demo.service.UserServiceTest" time="0.516"/>
  <system-out><![CDATA[21:45:37.486 [Test worker] INFO org.testcontainers.images.PullPolicy -- Image pull policy will be performed by: DefaultPullPolicy()
21:45:37.489 [Test worker] INFO org.testcontainers.utility.ImageNameSubstitutor -- Image name substitution will be performed by: DefaultImageNameSubstitutor (composite of 'ConfigurationFileImageNameSubstitutor' and 'PrefixingImageNameSubstitutor')
21:45:37.494 [Test worker] INFO org.testcontainers.DockerClientFactory -- Testcontainers version: 1.21.3
21:45:37.592 [Test worker] INFO org.testcontainers.dockerclient.DockerClientProviderStrategy -- Loaded org.testcontainers.dockerclient.UnixSocketClientProviderStrategy from ~/.testcontainers.properties, will try it first
21:45:37.695 [Test worker] INFO org.testcontainers.dockerclient.DockerClientProviderStrategy -- Found Docker environment with local Unix socket (unix:///var/run/docker.sock)
21:45:37.696 [Test worker] INFO org.testcontainers.DockerClientFactory -- Docker host IP address is localhost
21:45:37.705 [Test worker] INFO org.testcontainers.DockerClientFactory -- Connected to docker: 
  Server Version: 28.4.0
  API Version: 1.51
  Operating System: Docker Desktop
  Total Memory: 7837 MB
  Labels: 
    com.docker.desktop.address=unix:///Users/t827056/Library/Containers/com.docker.docker/Data/docker-cli.sock
21:45:37.723 [Test worker] INFO tc.testcontainers/ryuk:0.12.0 -- Creating container for image: testcontainers/ryuk:0.12.0
21:45:37.925 [Test worker] INFO tc.testcontainers/ryuk:0.12.0 -- Container testcontainers/ryuk:0.12.0 is starting: 1281fe3e82ce6a7cc056c1e7a84d508e82bb49dc55ceabd0d4ac771a969000cc
21:45:38.118 [Test worker] INFO tc.testcontainers/ryuk:0.12.0 -- Container testcontainers/ryuk:0.12.0 started in PT0.395295S
21:45:38.124 [Test worker] INFO org.testcontainers.utility.RyukResourceReaper -- Ryuk started - will monitor and terminate Testcontainers containers on JVM exit
21:45:38.124 [Test worker] INFO org.testcontainers.DockerClientFactory -- Checking the system...
21:45:38.124 [Test worker] INFO org.testcontainers.DockerClientFactory -- ✔︎ Docker server version should be at least 1.6.0
21:45:38.125 [Test worker] INFO tc.redis:7.0.11-alpine -- Creating container for image: redis:7.0.11-alpine
21:45:38.147 [Test worker] INFO tc.redis:7.0.11-alpine -- Container redis:7.0.11-alpine is starting: 887adb1e43d61ca4988577d7c52f29e2427d898107645ed22fed573ea603447c
21:45:38.284 [Test worker] INFO tc.redis:7.0.11-alpine -- Container redis:7.0.11-alpine started in PT0.159717S
21:45:38.330 [Test worker] INFO org.springframework.test.context.support.AnnotationConfigContextLoaderUtils -- Could not detect default configuration classes for test class [com.example.demo.service.UserServiceTest]: UserServiceTest does not declare any static, non-private, non-final, nested classes annotated with @Configuration.
21:45:38.395 [Test worker] INFO org.springframework.boot.test.context.SpringBootTestContextBootstrapper -- Found @SpringBootConfiguration com.example.demo.SpringRedisDemoApplication for test class com.example.demo.service.UserServiceTest

  .   ____          _            __ _ _
 /\\ / ___'_ __ _ _(_)_ __  __ _ \ \ \ \
( ( )\___ | '_ | '_| | '_ \/ _` | \ \ \ \
 \\/  ___)| |_)| | | | | || (_| |  ) ) ) )
  '  |____| .__|_| |_|_| |_\__, | / / / /
 =========|_|==============|___/=/_/_/_/

 :: Spring Boot ::                (v3.3.4)

2025-10-05T21:45:38.584+13:00  INFO 88993 --- [spring-redis-example] [    Test worker] c.example.demo.service.UserServiceTest   : Starting UserServiceTest using Java 21.0.3 with PID 88993 (started by t827056 in /Users/t827056/personal-workspace/spring-boot-redis-demo)
2025-10-05T21:45:38.585+13:00 DEBUG 88993 --- [spring-redis-example] [    Test worker] c.example.demo.service.UserServiceTest   : Running with Spring Boot v3.3.4, Spring v6.1.13
2025-10-05T21:45:38.585+13:00  INFO 88993 --- [spring-redis-example] [    Test worker] c.example.demo.service.UserServiceTest   : No active profile set, falling back to 1 default profile: "default"
2025-10-05T21:45:38.859+13:00  INFO 88993 --- [spring-redis-example] [    Test worker] .s.d.r.c.RepositoryConfigurationDelegate : Multiple Spring Data modules found, entering strict repository configuration mode
2025-10-05T21:45:38.860+13:00  INFO 88993 --- [spring-redis-example] [    Test worker] .s.d.r.c.RepositoryConfigurationDelegate : Bootstrapping Spring Data Redis repositories in DEFAULT mode.
2025-10-05T21:45:38.875+13:00  INFO 88993 --- [spring-redis-example] [    Test worker] .s.d.r.c.RepositoryConfigurationDelegate : Finished Spring Data repository scanning in 6 ms. Found 0 Redis repository interfaces.
2025-10-05T21:45:39.459+13:00  INFO 88993 --- [spring-redis-example] [    Test worker] c.example.demo.service.UserServiceTest   : Started UserServiceTest in 0.995 seconds (process running for 2.378)
Fetching from DB: 1
Fetching from DB: 1
Fetching from DB: 4
]]></system-out>
  <system-err><![CDATA[WARNING: A Java agent has been loaded dynamically (/Users/t827056/.gradle/caches/modules-2/files-2.1/net.bytebuddy/byte-buddy-agent/1.14.19/154da3a65b4f4a909d3e5bdec55d1b2b4cbb6ce1/byte-buddy-agent-1.14.19.jar)
WARNING: If a serviceability tool is in use, please run with -XX:+EnableDynamicAgentLoading to hide this warning
WARNING: If a serviceability tool is not in use, please run with -Djdk.instrument.traceUsage for more information
WARNING: Dynamic loading of agents will be disallowed by default in a future release
]]></system-err>
</testsuite>
